0 verbose cli C:\Program Files\nodejs\node.exe C:\Users\TEXON WARE\AppData\Roaming\npm\node_modules\npm\bin\npm-cli.js
1 info using npm@8.12.2
2 info using node@v16.15.1
3 timing npm:load:whichnode Completed in 0ms
4 timing config:load:defaults Completed in 1ms
5 timing config:load:file:C:\Users\TEXON WARE\AppData\Roaming\npm\node_modules\npm\npmrc Completed in 2ms
6 timing config:load:builtin Completed in 2ms
7 timing config:load:cli Completed in 2ms
8 timing config:load:env Completed in 0ms
9 timing config:load:file:D:\React - Code with Mosh Project\template-reactjs\.npmrc Completed in 1ms
10 timing config:load:project Completed in 2ms
11 timing config:load:file:C:\Users\TEXON WARE\.npmrc Completed in 0ms
12 timing config:load:user Completed in 0ms
13 timing config:load:file:C:\Users\TEXON WARE\AppData\Roaming\npm\etc\npmrc Completed in 0ms
14 timing config:load:global Completed in 0ms
15 timing config:load:validate Completed in 1ms
16 timing config:load:credentials Completed in 0ms
17 timing config:load:setEnvs Completed in 1ms
18 timing config:load Completed in 9ms
19 timing npm:load:configload Completed in 9ms
20 timing npm:load:mkdirpcache Completed in 1ms
21 timing npm:load:mkdirplogs Completed in 1ms
22 verbose title npm install
23 verbose argv "install"
24 timing npm:load:setTitle Completed in 1ms
25 timing config:load:flatten Completed in 3ms
26 timing npm:load:display Completed in 4ms
27 verbose logfile logs-max:10 dir:C:\Users\TEXON WARE\AppData\Local\npm-cache\_logs
28 verbose logfile C:\Users\TEXON WARE\AppData\Local\npm-cache\_logs\2022-06-18T07_03_10_395Z-debug-0.log
29 timing npm:load:logFile Completed in 7ms
30 timing npm:load:timers Completed in 0ms
31 timing npm:load:configScope Completed in 0ms
32 timing npm:load Completed in 24ms
33 timing arborist:ctor Completed in 1ms
34 silly logfile start cleaning logs, removing 2 files
35 silly logfile done cleaning log files
36 timing arborist:ctor Completed in 0ms
37 timing idealTree:init Completed in 17ms
38 timing idealTree:userRequests Completed in 0ms
39 silly idealTree buildDeps
40 silly fetch manifest @babel/core@^7.11.6
41 http fetch GET 200 https://registry.npmjs.org/@babel%2fcore 773ms (cache revalidated)
42 silly fetch manifest @babel/polyfill@^7.12.1
43 http fetch GET 200 https://registry.npmjs.org/@babel%2fpolyfill 214ms (cache revalidated)
44 silly fetch manifest @babel/preset-env@^7.11.5
45 http fetch GET 200 https://registry.npmjs.org/@babel%2fpreset-env 219ms (cache revalidated)
46 silly fetch manifest @babel/preset-react@^7.10.4
47 http fetch GET 200 https://registry.npmjs.org/@babel%2fpreset-react 1087ms (cache revalidated)
48 silly fetch manifest @babel/runtime@^7.13.9
49 http fetch GET 200 https://registry.npmjs.org/@babel%2fruntime 196ms (cache revalidated)
50 silly fetch manifest @ckeditor/ckeditor5-build-classic@^34.1.0
51 http fetch GET 200 https://registry.npmjs.org/@ckeditor%2fckeditor5-build-classic 1735ms (cache revalidated)
52 silly fetch manifest @ckeditor/ckeditor5-react@^3.0.1
53 http fetch GET 200 https://registry.npmjs.org/@ckeditor%2fckeditor5-react 1884ms (cache revalidated)
54 silly fetch manifest react@^16.0.2
55 http fetch GET 200 https://registry.npmjs.org/react 207ms (cache revalidated)
56 silly fetch manifest @fortawesome/fontawesome-svg-core@^1.2.30
57 http fetch GET 200 https://registry.npmjs.org/@fortawesome%2ffontawesome-svg-core 206ms (cache revalidated)
58 silly fetch manifest @fortawesome/free-brands-svg-icons@^5.14.0
59 http fetch GET 200 https://registry.npmjs.org/@fortawesome%2ffree-brands-svg-icons 1218ms (cache revalidated)
60 silly fetch manifest @fortawesome/free-regular-svg-icons@^5.14.0
61 http fetch GET 200 https://registry.npmjs.org/@fortawesome%2ffree-regular-svg-icons 1698ms (cache revalidated)
62 silly fetch manifest @fortawesome/free-solid-svg-icons@^5.14.0
63 http fetch GET 200 https://registry.npmjs.org/@fortawesome%2ffree-solid-svg-icons 362ms (cache revalidated)
64 silly fetch manifest @fortawesome/react-fontawesome@^0.1.11
65 http fetch GET 200 https://registry.npmjs.org/@fortawesome%2freact-fontawesome 359ms (cache revalidated)
66 silly fetch manifest @fullcalendar/daygrid@^5.2.0
67 http fetch GET 200 https://registry.npmjs.org/@fullcalendar%2fdaygrid 209ms (cache revalidated)
68 silly fetch manifest @fullcalendar/interaction@^5.2.0
69 http fetch GET 200 https://registry.npmjs.org/@fullcalendar%2finteraction 216ms (cache revalidated)
70 silly fetch manifest @fullcalendar/react@^5.2.0
71 http fetch GET 200 https://registry.npmjs.org/@fullcalendar%2freact 1180ms (cache revalidated)
72 silly fetch manifest react-dom@^16.13.1
73 http fetch GET 200 https://registry.npmjs.org/react-dom 228ms (cache revalidated)
74 silly fetch manifest @fullcalendar/timegrid@^5.2.0
75 http fetch GET 200 https://registry.npmjs.org/@fullcalendar%2ftimegrid 226ms (cache revalidated)
76 silly fetch manifest @material-ui/core@^4.11.3
77 http fetch GET 200 https://registry.npmjs.org/@material-ui%2fcore 357ms (cache revalidated)
78 silly fetch manifest @types/react@^16.8.6 || ^17.0.0
79 http fetch GET 200 https://registry.npmjs.org/@types%2freact 210ms (cache revalidated)
80 silly fetch manifest @material-ui/icons@^4.9.1
81 http fetch GET 200 https://registry.npmjs.org/@material-ui%2ficons 1685ms (cache revalidated)
82 silly fetch manifest @material-ui/lab@^4.0.0-alpha.57
83 http fetch GET 200 https://registry.npmjs.org/@material-ui%2flab 1183ms (cache revalidated)
84 silly fetch manifest @react-pdf-viewer/toolbar@^2.3.2
85 http fetch GET 200 https://registry.npmjs.org/@react-pdf-viewer%2ftoolbar 1694ms (cache revalidated)
86 silly fetch manifest @stripe/react-stripe-js@^1.2.2
87 http fetch GET 200 https://registry.npmjs.org/@stripe%2freact-stripe-js 1192ms (cache revalidated)
88 silly fetch manifest @stripe/stripe-js@^1.12.1
89 http fetch GET 200 https://registry.npmjs.org/@stripe%2fstripe-js 1713ms (cache revalidated)
90 silly fetch manifest @testing-library/jest-dom@^4.2.4
91 http fetch GET 200 https://registry.npmjs.org/@testing-library%2fjest-dom 221ms (cache revalidated)
92 silly fetch manifest @testing-library/react@^9.3.2
93 http fetch GET 200 https://registry.npmjs.org/@testing-library%2freact 214ms (cache revalidated)
94 silly fetch manifest @testing-library/user-event@^7.1.2
95 http fetch GET 200 https://registry.npmjs.org/@testing-library%2fuser-event 213ms (cache revalidated)
96 silly fetch manifest @testing-library/dom@>=5
97 http fetch GET 200 https://registry.npmjs.org/@testing-library%2fdom 212ms (cache revalidated)
98 silly fetch manifest antd@^4.6.1
99 http fetch GET 200 https://registry.npmjs.org/antd 881ms (cache revalidated)
100 silly fetch manifest apexcharts@^3.26.3
101 http fetch GET 200 https://registry.npmjs.org/apexcharts 216ms (cache revalidated)
102 silly fetch manifest axios@^0.21.1
103 http fetch GET 200 https://registry.npmjs.org/axios 200ms (cache revalidated)
104 silly fetch manifest babel-loader@^8.1.0
105 http fetch GET 200 https://registry.npmjs.org/babel-loader 189ms (cache revalidated)
106 silly fetch manifest webpack@^5.73.0
107 http fetch GET 200 https://registry.npmjs.org/webpack 199ms (cache revalidated)
108 silly fetch manifest bootstrap@^4.5.0
109 http fetch GET 200 https://registry.npmjs.org/bootstrap 194ms (cache revalidated)
110 silly fetch manifest jquery@^3.6.0
111 http fetch GET 200 https://registry.npmjs.org/jquery 364ms (cache revalidated)
112 silly fetch manifest popper.js@*
113 http fetch GET 200 https://registry.npmjs.org/popper.js 195ms (cache revalidated)
114 silly fetch manifest bootstrap-daterangepicker@^3.1.0
115 http fetch GET 200 https://registry.npmjs.org/bootstrap-daterangepicker 883ms (cache revalidated)
116 silly fetch manifest chart.js@^2.9.3
117 http fetch GET 200 https://registry.npmjs.org/chart.js 200ms (cache revalidated)
118 silly fetch manifest clean-webpack-plugin@^3.0.0
119 http fetch GET 200 https://registry.npmjs.org/clean-webpack-plugin 195ms (cache revalidated)
120 silly fetch manifest css-loader@^4.2.2
121 http fetch GET 200 https://registry.npmjs.org/css-loader 843ms (cache revalidated)
122 silly fetch manifest csv-loader@^3.0.3
123 http fetch GET 200 https://registry.npmjs.org/csv-loader 373ms (cache revalidated)
124 silly fetch manifest currency-symbol-map@^5.0.1
125 http fetch GET 200 https://registry.npmjs.org/currency-symbol-map 824ms (cache revalidated)
126 silly fetch manifest datatables.net@^1.10.23
127 http fetch GET 200 https://registry.npmjs.org/datatables.net 363ms (cache revalidated)
128 silly fetch manifest datatables.net-bs4@^1.10.23
129 http fetch GET 200 https://registry.npmjs.org/datatables.net-bs4 368ms (cache revalidated)
130 silly fetch manifest file-loader@^6.1.0
131 http fetch GET 200 https://registry.npmjs.org/file-loader 189ms (cache revalidated)
132 silly fetch manifest font-awesome@^4.7.0
133 http fetch GET 200 https://registry.npmjs.org/font-awesome 865ms (cache revalidated)
134 silly fetch manifest fullcalendar@^5.2.0
135 http fetch GET 200 https://registry.npmjs.org/fullcalendar 922ms (cache revalidated)
136 silly fetch manifest google-map-react@^2.0.8
137 http fetch GET 200 https://registry.npmjs.org/google-map-react 883ms (cache revalidated)
138 silly fetch manifest google-maps-react@^2.0.6
139 http fetch GET 200 https://registry.npmjs.org/google-maps-react 835ms (cache revalidated)
140 silly fetch manifest html-loader@^1.3.0
141 http fetch GET 200 https://registry.npmjs.org/html-loader 862ms (cache revalidated)
142 silly fetch manifest html2canvas@^1.0.0-rc.7
143 http fetch GET 200 https://registry.npmjs.org/html2canvas 369ms (cache revalidated)
144 silly fetch manifest i18next@^19.8.9
145 http fetch GET 200 https://registry.npmjs.org/i18next 381ms (cache revalidated)
146 silly fetch manifest i18next-browser-languagedetector@^6.0.1
147 http fetch GET 200 https://registry.npmjs.org/i18next-browser-languagedetector 860ms (cache revalidated)
148 silly fetch manifest i18next-xhr-backend@^3.2.2
149 http fetch GET 200 https://registry.npmjs.org/i18next-xhr-backend 865ms (cache revalidated)
150 silly fetch manifest lodash@^4.17.20
151 http fetch GET 200 https://registry.npmjs.org/lodash 191ms (cache revalidated)
152 silly fetch manifest material-ui-dropzone@^3.4.0
153 http fetch GET 200 https://registry.npmjs.org/material-ui-dropzone 352ms (cache revalidated)
154 silly fetch manifest prop-types@^15.7.2
155 http fetch GET 200 https://registry.npmjs.org/prop-types 182ms (cache revalidated)
156 silly fetch manifest mini-css-extract-plugin@^0.11.0
157 http fetch GET 200 https://registry.npmjs.org/mini-css-extract-plugin 197ms (cache revalidated)
158 silly fetch manifest moment@^2.27.0
159 http fetch GET 200 https://registry.npmjs.org/moment 189ms (cache revalidated)
160 silly fetch manifest moment-timezone@^0.5.33
161 http fetch GET 200 https://registry.npmjs.org/moment-timezone 842ms (cache revalidated)
162 silly fetch manifest nouislider-react@^3.4.1
163 http fetch GET 200 https://registry.npmjs.org/nouislider-react 388ms (cache revalidated)
164 silly fetch manifest opentok-react@^0.11.0
165 http fetch GET 200 https://registry.npmjs.org/opentok-react 413ms (cache revalidated)
166 silly fetch manifest query-string@^5.1.1
167 http fetch GET 200 https://registry.npmjs.org/query-string 175ms (cache revalidated)
168 silly fetch manifest rb-datepicker@0.0.5
169 http fetch GET 200 https://registry.npmjs.org/rb-datepicker 887ms (cache revalidated)
170 silly fetch manifest react-apexcharts@^1.3.9
171 http fetch GET 200 https://registry.npmjs.org/react-apexcharts 879ms (cache revalidated)
172 silly fetch manifest react-bootstrap@^2.0.2
173 http fetch GET 200 https://registry.npmjs.org/react-bootstrap 375ms (cache revalidated)
174 silly fetch manifest @types/react@>=16.14.8
175 silly fetch manifest react-bootstrap-daterangepicker@^6.0.0
176 http fetch GET 200 https://registry.npmjs.org/react-bootstrap-daterangepicker 850ms (cache revalidated)
177 silly fetch manifest react-chartjs-2@^2.10.0
178 http fetch GET 200 https://registry.npmjs.org/react-chartjs-2 843ms (cache revalidated)
179 silly fetch manifest react-circular-progressbar@^2.0.3
180 http fetch GET 200 https://registry.npmjs.org/react-circular-progressbar 368ms (cache revalidated)
181 silly fetch manifest react-countdown@^2.3.1
182 http fetch GET 200 https://registry.npmjs.org/react-countdown 886ms (cache revalidated)
183 silly fetch manifest react-cropper@^2.1.4
184 http fetch GET 200 https://registry.npmjs.org/react-cropper 847ms (cache revalidated)
185 silly fetch manifest react-custom-scrollbars@^4.2.1
186 http fetch GET 200 https://registry.npmjs.org/react-custom-scrollbars 877ms (cache revalidated)
187 silly fetch manifest react-customizable-progressbar@^1.0.1
188 http fetch GET 200 https://registry.npmjs.org/react-customizable-progressbar 870ms (cache revalidated)
189 silly fetch manifest react-data-table-component@^6.11.7
190 http fetch GET 200 https://registry.npmjs.org/react-data-table-component 889ms (cache revalidated)
191 silly fetch manifest styled-components@^5.2.1
192 http fetch GET 200 https://registry.npmjs.org/styled-components 190ms (cache revalidated)
193 silly fetch manifest react-is@>= 16.8.0
194 http fetch GET 200 https://registry.npmjs.org/react-is 242ms (cache revalidated)
195 silly fetch manifest react-data-table-component-extensions@^1.5.2
196 http fetch GET 200 https://registry.npmjs.org/react-data-table-component-extensions 854ms (cache revalidated)
197 silly fetch manifest react-date-range@^1.0.3
198 http fetch GET 200 https://registry.npmjs.org/react-date-range 882ms (cache revalidated)
199 silly fetch manifest date-fns@2.0.0-alpha.7 || >=2.0.0
200 http fetch GET 200 https://registry.npmjs.org/date-fns 1271ms (cache revalidated)
201 silly fetch manifest react-datepicker@^3.1.3
202 http fetch GET 200 https://registry.npmjs.org/react-datepicker 213ms (cache revalidated)
203 silly fetch manifest react-dnd@^16.0.1
204 http fetch GET 200 https://registry.npmjs.org/react-dnd 892ms (cache revalidated)
205 silly fetch manifest @types/hoist-non-react-statics@>= 3.3.1
206 http fetch GET 200 https://registry.npmjs.org/@types%2fhoist-non-react-statics 196ms (cache revalidated)
207 silly fetch manifest @types/node@>= 12
208 http fetch GET 200 https://registry.npmjs.org/@types%2fnode 199ms (cache revalidated)
209 silly fetch manifest @types/react@>= 16
210 silly fetch manifest react-dnd-html5-backend@^3.0.2
211 http fetch GET 200 https://registry.npmjs.org/react-dnd-html5-backend 372ms (cache revalidated)
212 silly fetch manifest react-dropdown-select@^4.7.3
213 http fetch GET 200 https://registry.npmjs.org/react-dropdown-select 437ms (cache revalidated)
214 silly fetch manifest react-dropzone@^11.1.0
215 http fetch GET 200 https://registry.npmjs.org/react-dropzone 368ms (cache revalidated)
216 silly fetch manifest react-dropzone-uploader@^2.11.0
217 http fetch GET 200 https://registry.npmjs.org/react-dropzone-uploader 368ms (cache revalidated)
218 silly fetch manifest react-feather@^2.0.9
219 http fetch GET 200 https://registry.npmjs.org/react-feather 373ms (cache revalidated)
220 silly fetch manifest react-form-with-constraints@^0.16.0
221 http fetch GET 200 https://registry.npmjs.org/react-form-with-constraints 883ms (cache revalidated)
222 silly fetch manifest react-form-with-constraints-bootstrap4@^0.16.0
223 http fetch GET 200 https://registry.npmjs.org/react-form-with-constraints-bootstrap4 865ms (cache revalidated)
224 silly fetch manifest react-google-autocomplete@^1.2.6
225 http fetch GET 200 https://registry.npmjs.org/react-google-autocomplete 866ms (cache revalidated)
226 silly fetch manifest react-helmet@^6.1.0
227 http fetch GET 200 https://registry.npmjs.org/react-helmet 844ms (cache revalidated)
228 silly fetch manifest react-i18next@^11.8.7
229 http fetch GET 200 https://registry.npmjs.org/react-i18next 383ms (cache revalidated)
230 silly fetch manifest react-image-lightbox@^5.1.1
231 http fetch GET 200 https://registry.npmjs.org/react-image-lightbox 363ms (cache revalidated)
232 silly fetch manifest react-infinite-scroll-component@^6.0.0
233 http fetch GET 200 https://registry.npmjs.org/react-infinite-scroll-component 188ms (cache revalidated)
234 silly fetch manifest react-js-pagination@^3.0.2
235 http fetch GET 200 https://registry.npmjs.org/react-js-pagination 202ms (cache revalidated)
236 silly fetch manifest react-notifications@^1.7.2
237 http fetch GET 200 https://registry.npmjs.org/react-notifications 876ms (cache revalidated)
238 silly fetch manifest react-rating-stars-component@^2.2.0
239 http fetch GET 200 https://registry.npmjs.org/react-rating-stars-component 827ms (cache revalidated)
240 silly fetch manifest react-redux@^7.2.2
241 http fetch GET 200 https://registry.npmjs.org/react-redux 222ms (cache revalidated)
242 silly fetch manifest react-router-dom@^5.2.0
243 http fetch GET 200 https://registry.npmjs.org/react-router-dom 365ms (cache revalidated)
244 silly fetch manifest react-scripts@^2.1.3
245 http fetch GET 200 https://registry.npmjs.org/react-scripts 198ms (cache revalidated)
246 silly fetch manifest react-select@^3.1.0
247 http fetch GET 200 https://registry.npmjs.org/react-select 190ms (cache revalidated)
248 silly fetch manifest react-signature-canvas@^1.0.3
249 http fetch GET 200 https://registry.npmjs.org/react-signature-canvas 364ms (cache revalidated)
250 silly fetch manifest react-slick@^0.27.1
251 http fetch GET 200 https://registry.npmjs.org/react-slick 194ms (cache revalidated)
252 silly fetch manifest react-sticky-box@^0.9.3
253 http fetch GET 200 https://registry.npmjs.org/react-sticky-box 894ms (cache revalidated)
254 silly fetch manifest react-summernote@^2.0.2
255 http fetch GET 200 https://registry.npmjs.org/react-summernote 384ms (cache revalidated)
256 silly fetch manifest bootstrap@^3.3.6
257 timing idealTree Completed in 63617ms
258 timing command:install Completed in 63632ms
259 verbose stack Error: unable to resolve dependency tree
259 verbose stack     at Arborist.[failPeerConflict] (C:\Users\TEXON WARE\AppData\Roaming\npm\node_modules\npm\node_modules\@npmcli\arborist\lib\arborist\build-ideal-tree.js:1428:25)
259 verbose stack     at Arborist.[loadPeerSet] (C:\Users\TEXON WARE\AppData\Roaming\npm\node_modules\npm\node_modules\@npmcli\arborist\lib\arborist\build-ideal-tree.js:1394:34)
259 verbose stack     at async Arborist.[buildDepStep] (C:\Users\TEXON WARE\AppData\Roaming\npm\node_modules\npm\node_modules\@npmcli\arborist\lib\arborist\build-ideal-tree.js:976:11)
259 verbose stack     at async Arborist.buildIdealTree (C:\Users\TEXON WARE\AppData\Roaming\npm\node_modules\npm\node_modules\@npmcli\arborist\lib\arborist\build-ideal-tree.js:218:7)
259 verbose stack     at async Promise.all (index 1)
259 verbose stack     at async Arborist.reify (C:\Users\TEXON WARE\AppData\Roaming\npm\node_modules\npm\node_modules\@npmcli\arborist\lib\arborist\reify.js:153:5)
259 verbose stack     at async Install.exec (C:\Users\TEXON WARE\AppData\Roaming\npm\node_modules\npm\lib\commands\install.js:156:5)
259 verbose stack     at async module.exports (C:\Users\TEXON WARE\AppData\Roaming\npm\node_modules\npm\lib\cli.js:78:5)
260 verbose cwd D:\React - Code with Mosh Project\template-reactjs
261 verbose Windows_NT 10.0.19044
262 verbose node v16.15.1
263 verbose npm  v8.12.2
264 error code ERESOLVE
265 error ERESOLVE unable to resolve dependency tree
266 error
267 error While resolving: [1mlogin[22m@[1m0.1.0[22m
267 error Found: [1mbootstrap[22m@[1m4.6.1[22m[2m[22m
267 error [2mnode_modules/bootstrap[22m
267 error   [1mbootstrap[22m@"[1m^4.5.0[22m" from the root project
267 error
267 error Could not resolve dependency:
267 error [35mpeer[39m [1mbootstrap[22m@"[1m^3.3.6[22m" from [1mreact-summernote[22m@[1m2.0.2[22m[2m[22m
267 error [2mnode_modules/react-summernote[22m
267 error   [1mreact-summernote[22m@"[1m^2.0.2[22m" from the root project
267 error
267 error Fix the upstream dependency conflict, or retry
267 error this command with --force, or --legacy-peer-deps
267 error to accept an incorrect (and potentially broken) dependency resolution.
267 error
267 error See C:\Users\TEXON WARE\AppData\Local\npm-cache\eresolve-report.txt for a full report.
268 verbose exit 1
269 timing npm Completed in 63783ms
270 verbose unfinished npm timer reify 1655535790521
271 verbose unfinished npm timer reify:loadTrees 1655535790532
272 verbose unfinished npm timer idealTree:buildDeps 1655535790550
273 verbose unfinished npm timer idealTree:#root 1655535790551
274 verbose code 1
275 error A complete log of this run can be found in:
275 error     C:\Users\TEXON WARE\AppData\Local\npm-cache\_logs\2022-06-18T07_03_10_395Z-debug-0.log
